

Building a new DB, current time: 11/23/2022 15:04:04
New DB name:   /home/qiangwei/Jack_algorthim/code_and_demo/Results/1/result.fa
New DB title:  ./Results//1/result.fa
Sequence type: Nucleotide
Deleted existing Nucleotide BLAST database named /home/qiangwei/Jack_algorthim/code_and_demo/Results/1/result.fa
Keep MBits: T
Maximum file size: 1000000000B
Adding sequences from FASTA; added 207 sequences in 0.00444698 seconds.


Building a new DB, current time: 11/23/2022 15:04:04
New DB name:   /home/qiangwei/Jack_algorthim/code_and_demo/Results/2/result.fa
New DB title:  ./Results//2/result.fa
Sequence type: Nucleotide
Deleted existing Nucleotide BLAST database named /home/qiangwei/Jack_algorthim/code_and_demo/Results/2/result.fa
Keep MBits: T
Maximum file size: 1000000000B
Adding sequences from FASTA; added 386 sequences in 0.00780988 seconds.


Building a new DB, current time: 11/23/2022 15:04:05
New DB name:   /home/qiangwei/Jack_algorthim/code_and_demo/Results/3/result.fa
New DB title:  ./Results//3/result.fa
Sequence type: Nucleotide
Deleted existing Nucleotide BLAST database named /home/qiangwei/Jack_algorthim/code_and_demo/Results/3/result.fa
Keep MBits: T
Maximum file size: 1000000000B
Adding sequences from FASTA; added 384 sequences in 0.00818992 seconds.


Building a new DB, current time: 11/23/2022 15:04:05
New DB name:   /home/qiangwei/Jack_algorthim/code_and_demo/Results/4/result.fa
New DB title:  ./Results//4/result.fa
Sequence type: Nucleotide
Deleted existing Nucleotide BLAST database named /home/qiangwei/Jack_algorthim/code_and_demo/Results/4/result.fa
Keep MBits: T
Maximum file size: 1000000000B
Adding sequences from FASTA; added 177 sequences in 0.00380397 seconds.


Building a new DB, current time: 11/23/2022 15:04:06
New DB name:   /home/qiangwei/Jack_algorthim/code_and_demo/Results/5/result.fa
New DB title:  ./Results//5/result.fa
Sequence type: Nucleotide
Deleted existing Nucleotide BLAST database named /home/qiangwei/Jack_algorthim/code_and_demo/Results/5/result.fa
Keep MBits: T
Maximum file size: 1000000000B
Adding sequences from FASTA; added 387 sequences in 0.00771785 seconds.


Building a new DB, current time: 11/23/2022 15:04:06
New DB name:   /home/qiangwei/Jack_algorthim/code_and_demo/Results/6/result.fa
New DB title:  ./Results//6/result.fa
Sequence type: Nucleotide
Deleted existing Nucleotide BLAST database named /home/qiangwei/Jack_algorthim/code_and_demo/Results/6/result.fa
Keep MBits: T
Maximum file size: 1000000000B
Adding sequences from FASTA; added 420 sequences in 0.00835681 seconds.


Building a new DB, current time: 11/23/2022 15:04:07
New DB name:   /home/qiangwei/Jack_algorthim/code_and_demo/Results/7/result.fa
New DB title:  ./Results//7/result.fa
Sequence type: Nucleotide
Deleted existing Nucleotide BLAST database named /home/qiangwei/Jack_algorthim/code_and_demo/Results/7/result.fa
Keep MBits: T
Maximum file size: 1000000000B
Adding sequences from FASTA; added 423 sequences in 0.00842619 seconds.


Building a new DB, current time: 11/23/2022 15:04:08
New DB name:   /home/qiangwei/Jack_algorthim/code_and_demo/Results/8/result.fa
New DB title:  ./Results//8/result.fa
Sequence type: Nucleotide
Deleted existing Nucleotide BLAST database named /home/qiangwei/Jack_algorthim/code_and_demo/Results/8/result.fa
Keep MBits: T
Maximum file size: 1000000000B
Adding sequences from FASTA; added 399 sequences in 0.00806594 seconds.


Building a new DB, current time: 11/23/2022 15:04:08
New DB name:   /home/qiangwei/Jack_algorthim/code_and_demo/Results/9/result.fa
New DB title:  ./Results//9/result.fa
Sequence type: Nucleotide
Deleted existing Nucleotide BLAST database named /home/qiangwei/Jack_algorthim/code_and_demo/Results/9/result.fa
Keep MBits: T
Maximum file size: 1000000000B
Adding sequences from FASTA; added 471 sequences in 0.00951505 seconds.


Building a new DB, current time: 11/23/2022 15:04:09
New DB name:   /home/qiangwei/Jack_algorthim/code_and_demo/Results/10/result.fa
New DB title:  ./Results//10/result.fa
Sequence type: Nucleotide
Deleted existing Nucleotide BLAST database named /home/qiangwei/Jack_algorthim/code_and_demo/Results/10/result.fa
Keep MBits: T
Maximum file size: 1000000000B
Adding sequences from FASTA; added 476 sequences in 0.00949407 seconds.


Building a new DB, current time: 11/23/2022 15:04:10
New DB name:   /home/qiangwei/Jack_algorthim/code_and_demo/Results/11/result.fa
New DB title:  ./Results//11/result.fa
Sequence type: Nucleotide
Deleted existing Nucleotide BLAST database named /home/qiangwei/Jack_algorthim/code_and_demo/Results/11/result.fa
Keep MBits: T
Maximum file size: 1000000000B
Adding sequences from FASTA; added 438 sequences in 0.00867796 seconds.


Building a new DB, current time: 11/23/2022 15:04:11
New DB name:   /home/qiangwei/Jack_algorthim/code_and_demo/Results/12/result.fa
New DB title:  ./Results//12/result.fa
Sequence type: Nucleotide
Deleted existing Nucleotide BLAST database named /home/qiangwei/Jack_algorthim/code_and_demo/Results/12/result.fa
Keep MBits: T
Maximum file size: 1000000000B
Adding sequences from FASTA; added 387 sequences in 0.00784302 seconds.


Building a new DB, current time: 11/23/2022 15:04:11
New DB name:   /home/qiangwei/Jack_algorthim/code_and_demo/Results/13/result.fa
New DB title:  ./Results//13/result.fa
Sequence type: Nucleotide
Deleted existing Nucleotide BLAST database named /home/qiangwei/Jack_algorthim/code_and_demo/Results/13/result.fa
Keep MBits: T
Maximum file size: 1000000000B
Adding sequences from FASTA; added 201 sequences in 0.00434399 seconds.


Building a new DB, current time: 11/23/2022 15:04:12
New DB name:   /home/qiangwei/Jack_algorthim/code_and_demo/Results/14/result.fa
New DB title:  ./Results//14/result.fa
Sequence type: Nucleotide
Deleted existing Nucleotide BLAST database named /home/qiangwei/Jack_algorthim/code_and_demo/Results/14/result.fa
Keep MBits: T
Maximum file size: 1000000000B
Adding sequences from FASTA; added 393 sequences in 0.00789094 seconds.


Building a new DB, current time: 11/23/2022 15:04:12
New DB name:   /home/qiangwei/Jack_algorthim/code_and_demo/Results/15/result.fa
New DB title:  ./Results//15/result.fa
Sequence type: Nucleotide
Deleted existing Nucleotide BLAST database named /home/qiangwei/Jack_algorthim/code_and_demo/Results/15/result.fa
Keep MBits: T
Maximum file size: 1000000000B
Adding sequences from FASTA; added 395 sequences in 0.00774693 seconds.


Building a new DB, current time: 11/23/2022 15:04:12
New DB name:   /home/qiangwei/Jack_algorthim/code_and_demo/Results/16/result.fa
New DB title:  ./Results//16/result.fa
Sequence type: Nucleotide
Deleted existing Nucleotide BLAST database named /home/qiangwei/Jack_algorthim/code_and_demo/Results/16/result.fa
Keep MBits: T
Maximum file size: 1000000000B
Adding sequences from FASTA; added 170 sequences in 0.00364804 seconds.
mri_0.jpg
Original binary segment total 207
Max GC 0.6
Min GC 0.40860215053763443
Max length 108
Min length 91
total GC 0.5004865794108074
density: 1.6934054447120848
avg length 106.29468599033817
primer_F: ACTGACCACACTAAATCAGG
primer_R: TGAGGCACTATTACTGTGGC

mri_1.jpg
Original binary segment total 386
Max GC 0.6
Min GC 0.4
Max length 108
Min length 91
total GC 0.4983676836665693
density: 1.6952129995608256
avg length 106.18134715025907
primer_F: TCCTATTTACATCGCCGTCC
primer_R: CCTCATCACCGCATCGTCTG

mri_2.jpg
Original binary segment total 384
Max GC 0.6
Min GC 0.4
Max length 108
Min length 91
total GC 0.5010842455678282
density: 1.6940761255851573
avg length 106.25260416666667
primer_F: GTATGGTCTAATACGCTAGG
primer_R: ATCCTATAAACTACTGACCG

mri_3.jpg
Original binary segment total 177
Max GC 0.6
Min GC 0.40860215053763443
Max length 108
Min length 91
total GC 0.49877177892259345
density: 1.6882153454853752
avg length 106.62146892655367
primer_F: GTACGCTCCAATTTCAATAC
primer_R: CTAAGCAAGTGCGAAATCAC

mri_4.jpg
Original binary segment total 387
Max GC 0.6
Min GC 0.40625
Max length 108
Min length 91
total GC 0.5019713084781972
density: 1.695344252719706
avg length 106.17312661498708
primer_F: TTGGCCAAGAAAGGAGATAG
primer_R: GGAGTCCCAAGGAGTATGTC

mri_5.jpg
Original binary segment total 420
Max GC 0.6276595744680851
Min GC 0.40625
Max length 108
Min length 91
total GC 0.4985357789268016
density: 1.698456561299454
avg length 105.97857142857143
primer_F: CACACTCACATGTTGTCACG
primer_R: CCCTGATAGAAACTCAGCCG

mri_6.jpg
Original binary segment total 423
Max GC 0.6
Min GC 0.4
Max length 108
Min length 91
total GC 0.5026133632327563
density: 1.6962972864590296
avg length 106.11347517730496
primer_F: AGGTTTATCTCGGAACTTAC
primer_R: TACCACGTTTGGTGCAACTG

mri_7.jpg
Original binary segment total 399
Max GC 0.6
Min GC 0.4
Max length 108
Min length 91
total GC 0.4995130967987125
density: 1.6989165917585276
avg length 105.9498746867168
primer_F: TGGCCTAACTCGGATTATTC
primer_R: TCTTCGGTGCTCAAGCTCGG

mri_8.jpg
Original binary segment total 471
Max GC 0.6020408163265306
Min GC 0.3854166666666667
Max length 108
Min length 91
total GC 0.4992935867668678
density: 1.6999177911896217
avg length 105.88747346072186
primer_F: GAAGGGTAGCCCACTAATCC
primer_R: ATTTCGTAGTTCCGTGTGTG

mri_9.jpg
Original binary segment total 476
Max GC 0.6
Min GC 0.4
Max length 108
Min length 91
total GC 0.49953154146383444
density: 1.7002361439088762
avg length 105.86764705882354
primer_F: ATCTTCACATTGAGGACCCG
primer_R: GGGTGCTGAGATAGGGTGTG

mri_10.jpg
Original binary segment total 438
Max GC 0.6
Min GC 0.40425531914893614
Max length 108
Min length 91
total GC 0.5027021280407449
density: 1.6985522233712513
avg length 105.97260273972603
primer_F: ATGGATCTTCCATTCTACTC
primer_R: TTCGGGCCTTGATAGTAAGC

mri_11.jpg
Original binary segment total 387
Max GC 0.6
Min GC 0.40816326530612246
Max length 108
Min length 91
total GC 0.5005971878721827
density: 1.6986100950987564
avg length 105.96899224806202
primer_F: AGTCCATGCTACGACACCCG
primer_R: AGCTATTAGCGTACTTCCGG

mri_12.jpg
Original binary segment total 201
Max GC 0.6
Min GC 0.40625
Max length 108
Min length 91
total GC 0.4996761734748541
density: 1.6913655275583188
avg length 106.42288557213931
primer_F: TTAATTATACGTACGCCAGC
primer_R: CGGCCCAAATGGCTGAAATG

mri_13.jpg
Original binary segment total 393
Max GC 0.6
Min GC 0.4
Max length 108
Min length 91
total GC 0.4971837081988117
density: 1.6955490040986554
avg length 106.16030534351145
primer_F: CCGCTTCGTATCAAAGCCAG
primer_R: CAGGGCTGTTGAGGTGACAC

mri_14.jpg
Original binary segment total 395
Max GC 0.6
Min GC 0.40425531914893614
Max length 108
Min length 91
total GC 0.49740766976556344
density: 1.6950768863988557
avg length 106.18987341772151
primer_F: CAGATCCTGACTCTATCTGC
primer_R: TCTGTAAGTAGAATGGAAGC

mri_15.jpg
Original binary segment total 170
Max GC 0.6
Min GC 0.3979591836734694
Max length 108
Min length 91
total GC 0.4990509589671557
density: 1.681780708985985
avg length 107.02941176470588
primer_F: AAGATGAAAGAAACACCGCC
primer_R: TATCTGCCATAGGATGACAC

